<?xml version="1.0" encoding="UTF-8"?>
<testsuite xmlns:xsi="http://www.w3.org/2001/XMLSchema-instance" xsi:noNamespaceSchemaLocation="https://maven.apache.org/surefire/maven-surefire-plugin/xsd/surefire-test-report-3.0.xsd" version="3.0" name="com.mycompany.testingweb.WebMockTest" time="0.531" tests="1" errors="0" skipped="0" failures="0">
  <properties>
[...]
</properties>
  <testcase name="greetingShouldReturnMessageFromService" classname="com.mycompany.testingweb.WebMockTest" time="0.062">
    <system-out><![CDATA[2023-07-25T10:42:27.540-05:00  INFO 10412 --- [           main] t.c.s.AnnotationConfigContextLoaderUtils : Could not detect default configuration classes for test class [com.mycompany.testingweb.WebMockTest]: WebMockTest does not declare any static, non-private, non-final, nested classes annotated with @Configuration.
2023-07-25T10:42:27.556-05:00  INFO 10412 --- [           main] .b.t.c.SpringBootTestContextBootstrapper : Found @SpringBootConfiguration com.mycompany.testingweb.TestingWebApplication for test class com.mycompany.testingweb.WebMockTest

  .   ____          _            __ _ _
 /\\ / ___'_ __ _ _(_)_ __  __ _ \ \ \ \
( ( )\___ | '_ | '_| | '_ \/ _` | \ \ \ \
 \\/  ___)| |_)| | | | | || (_| |  ) ) ) )
  '  |____| .__|_| |_|_| |_\__, | / / / /
 =========|_|==============|___/=/_/_/_/
 :: Spring Boot ::                (v3.1.1)

2023-07-25T10:42:27.571-05:00  INFO 10412 --- [           main] com.mycompany.testingweb.WebMockTest     : Starting WebMockTest using Java 17.0.6 with PID 10412 (started by daniel.builes in C:\Users\daniel.builes\Documents\NetBeansProjects\TestingWeb)
2023-07-25T10:42:27.571-05:00  INFO 10412 --- [           main] com.mycompany.testingweb.WebMockTest     : No active profile set, falling back to 1 default profile: "default"
2023-07-25T10:42:27.993-05:00  INFO 10412 --- [           main] o.s.b.t.m.w.SpringBootMockServletContext : Initializing Spring TestDispatcherServlet ''
2023-07-25T10:42:27.993-05:00  INFO 10412 --- [           main] o.s.t.web.servlet.TestDispatcherServlet  : Initializing Servlet ''
2023-07-25T10:42:27.993-05:00  INFO 10412 --- [           main] o.s.t.web.servlet.TestDispatcherServlet  : Completed initialization in 0 ms
2023-07-25T10:42:28.009-05:00  INFO 10412 --- [           main] com.mycompany.testingweb.WebMockTest     : Started WebMockTest in 0.452 seconds (process running for 5.559)

MockHttpServletRequest:
      HTTP Method = GET
      Request URI = /greeting
       Parameters = {}
          Headers = []
             Body = null
    Session Attrs = {}

Handler:
             Type = com.mycompany.testingweb.GreetingController
           Method = com.mycompany.testingweb.GreetingController#greeting()

Async:
    Async started = false
     Async result = null

Resolved Exception:
             Type = null

ModelAndView:
        View name = null
             View = null
            Model = null

FlashMap:
       Attributes = null

MockHttpServletResponse:
           Status = 200
    Error message = null
          Headers = [Content-Type:"text/plain;charset=UTF-8", Content-Length:"11"]
     Content type = text/plain;charset=UTF-8
             Body = Hello, Mock
    Forwarded URL = null
   Redirected URL = null
          Cookies = []
]]></system-out>
  </testcase>
</testsuite>